app/build/intermediates/manifest_merge_blame_file/release/manifest-merger-blame-release-report.txt
1<?xml version="1.0" encoding="utf-8"?>
2<manifest xmlns:android="http://schemas.android.com/apk/res/android"
3    package="com.tencent.nanodetncnn_tempmerge"
4    android:versionCode="1"
5    android:versionName="1.0" >
6
7    <uses-sdk
8        android:minSdkVersion="24"
8-->src/main/AndroidManifest.xml
9        android:targetSdkVersion="32" />
9-->src/main/AndroidManifest.xml
10
11    <uses-permission android:name="android.permission.CAMERA" />
11-->src/main/AndroidManifest.xml:8:5-64
11-->src/main/AndroidManifest.xml:8:22-62
12    <uses-permission android:name="android.permission.INTERNET" />
12-->src/main/AndroidManifest.xml:9:5-67
12-->src/main/AndroidManifest.xml:9:22-64
13    <uses-permission android:name="android.permission.ACCESS_NETWORK_STATE" />
13-->src/main/AndroidManifest.xml:10:5-79
13-->src/main/AndroidManifest.xml:10:22-76
14    <uses-permission android:name="android.permission.ACCESS_WIFI_STATE" />
14-->src/main/AndroidManifest.xml:11:5-76
14-->src/main/AndroidManifest.xml:11:22-73
15    <uses-permission android:name="android.permission.VIBRATE" />
15-->src/main/AndroidManifest.xml:12:5-66
15-->src/main/AndroidManifest.xml:12:22-63
16    <uses-permission android:name="android.permission.WAKE_LOCK" />
16-->src/main/AndroidManifest.xml:13:5-68
16-->src/main/AndroidManifest.xml:13:22-65
17
18    <uses-feature android:name="android.hardware.camera2.full" />
18-->src/main/AndroidManifest.xml:15:5-66
18-->src/main/AndroidManifest.xml:15:19-63
19
20    <uses-permission android:name="android.permission.RECEIVE_BOOT_COMPLETED" />
20-->[androidx.work:work-runtime:2.7.0-alpha05] AndroidManifest.xml:27:5-81
20-->[androidx.work:work-runtime:2.7.0-alpha05] AndroidManifest.xml:27:22-78
21    <uses-permission android:name="android.permission.FOREGROUND_SERVICE" /> <!-- Don't require camera, as this requires a rear camera. This allows it to work on the Nexus 7 -->
21-->[androidx.work:work-runtime:2.7.0-alpha05] AndroidManifest.xml:28:5-77
21-->[androidx.work:work-runtime:2.7.0-alpha05] AndroidManifest.xml:28:22-74
22    <uses-feature
22-->[com.journeyapps:zxing-android-embedded:4.3.0] AndroidManifest.xml:25:5-27:36
23        android:name="android.hardware.camera"
23-->[com.journeyapps:zxing-android-embedded:4.3.0] AndroidManifest.xml:26:9-47
24        android:required="false" />
24-->[com.journeyapps:zxing-android-embedded:4.3.0] AndroidManifest.xml:27:9-33
25    <uses-feature
25-->[com.journeyapps:zxing-android-embedded:4.3.0] AndroidManifest.xml:28:5-30:36
26        android:name="android.hardware.camera.front"
26-->[com.journeyapps:zxing-android-embedded:4.3.0] AndroidManifest.xml:29:9-53
27        android:required="false" /> <!-- TODO replace above two with next line after Android 4.2 -->
27-->[com.journeyapps:zxing-android-embedded:4.3.0] AndroidManifest.xml:30:9-33
28    <!-- <uses-feature android:name="android.hardware.camera.any"/> -->
29    <uses-feature
29-->[com.journeyapps:zxing-android-embedded:4.3.0] AndroidManifest.xml:33:5-35:36
30        android:name="android.hardware.camera.autofocus"
30-->[com.journeyapps:zxing-android-embedded:4.3.0] AndroidManifest.xml:34:9-57
31        android:required="false" />
31-->[com.journeyapps:zxing-android-embedded:4.3.0] AndroidManifest.xml:35:9-33
32    <uses-feature
32-->[com.journeyapps:zxing-android-embedded:4.3.0] AndroidManifest.xml:36:5-38:36
33        android:name="android.hardware.camera.flash"
33-->[com.journeyapps:zxing-android-embedded:4.3.0] AndroidManifest.xml:37:9-53
34        android:required="false" />
34-->[com.journeyapps:zxing-android-embedded:4.3.0] AndroidManifest.xml:38:9-33
35    <uses-feature
35-->[com.journeyapps:zxing-android-embedded:4.3.0] AndroidManifest.xml:39:5-41:36
36        android:name="android.hardware.screen.landscape"
36-->[com.journeyapps:zxing-android-embedded:4.3.0] AndroidManifest.xml:40:9-57
37        android:required="false" />
37-->[com.journeyapps:zxing-android-embedded:4.3.0] AndroidManifest.xml:41:9-33
38    <uses-feature
38-->[com.journeyapps:zxing-android-embedded:4.3.0] AndroidManifest.xml:42:5-44:36
39        android:name="android.hardware.wifi"
39-->[com.journeyapps:zxing-android-embedded:4.3.0] AndroidManifest.xml:43:9-45
40        android:required="false" />
40-->[com.journeyapps:zxing-android-embedded:4.3.0] AndroidManifest.xml:44:9-33
41
42    <application
42-->src/main/AndroidManifest.xml:17:5-106:19
43        android:allowBackup="true"
43-->src/main/AndroidManifest.xml:18:9-35
44        android:appComponentFactory="androidx.core.app.CoreComponentFactory"
44-->[androidx.core:core:1.8.0] AndroidManifest.xml:24:18-86
45        android:dataExtractionRules="@xml/data_extraction_rules"
45-->src/main/AndroidManifest.xml:19:9-65
46        android:extractNativeLibs="false"
47        android:fullBackupContent="@xml/backup_rules"
47-->src/main/AndroidManifest.xml:20:9-54
48        android:icon="@drawable/bingologo"
48-->src/main/AndroidManifest.xml:21:9-43
49        android:label="@string/app_name"
49-->src/main/AndroidManifest.xml:22:9-41
50        android:roundIcon="@mipmap/ic_launcher_round"
50-->src/main/AndroidManifest.xml:23:9-54
51        android:supportsRtl="true"
51-->src/main/AndroidManifest.xml:24:9-35
52        android:theme="@style/Theme.MyApplication_scan"
52-->src/main/AndroidManifest.xml:25:9-56
53        android:usesCleartextTraffic="true" >
53-->src/main/AndroidManifest.xml:26:9-44
54        <uses-library
54-->src/main/AndroidManifest.xml:29:9-31:40
55            android:name="org.apache.http.legacy"
55-->src/main/AndroidManifest.xml:30:13-50
56            android:required="false" />
56-->src/main/AndroidManifest.xml:31:13-37
57
58        <activity
58-->src/main/AndroidManifest.xml:33:9-45:20
59            android:name="com.tencent.nanodetncnn.MainActivity"
59-->src/main/AndroidManifest.xml:34:13-41
60            android:excludeFromRecents="true"
60-->src/main/AndroidManifest.xml:35:13-46
61            android:exported="true"
61-->src/main/AndroidManifest.xml:36:13-36
62            android:taskAffinity=""
62-->src/main/AndroidManifest.xml:37:13-36
63            android:windowSoftInputMode="stateHidden|adjustResize|adjustPan" >
63-->src/main/AndroidManifest.xml:38:13-77
64
65            <!-- <intent-filter> -->
66            <!-- <action android:name="android.intent.action.MAIN" /> -->
67            <!-- <category android:name="android.intent.category.LAUNCHER" /> -->
68            <!-- </intent-filter> -->
69        </activity>
70        <activity
70-->src/main/AndroidManifest.xml:46:9-48:40
71            android:name="com.tencent.nanodetncnn.passvaluecustActivity"
71-->src/main/AndroidManifest.xml:47:13-50
72            android:exported="false" />
72-->src/main/AndroidManifest.xml:48:13-37
73        <activity
73-->src/main/AndroidManifest.xml:49:9-51:40
74            android:name="com.tencent.nanodetncnn.passvalueActivity"
74-->src/main/AndroidManifest.xml:50:13-46
75            android:exported="false" />
75-->src/main/AndroidManifest.xml:51:13-37
76        <activity
76-->src/main/AndroidManifest.xml:52:9-58:20
77            android:name="com.tencent.nanodetncnn.Verify_Activity"
77-->src/main/AndroidManifest.xml:53:13-44
78            android:exported="true"
78-->src/main/AndroidManifest.xml:54:13-36
79            android:label="@string/app_name"
79-->src/main/AndroidManifest.xml:55:13-45
80            android:screenOrientation="portrait"
80-->src/main/AndroidManifest.xml:56:13-49
81            android:theme="@style/MyTheme" >
81-->src/main/AndroidManifest.xml:57:13-43
82        </activity>
83        <activity
83-->src/main/AndroidManifest.xml:59:9-62:60
84            android:name="com.tencent.nanodetncnn.login.LoginActivity"
84-->src/main/AndroidManifest.xml:60:13-48
85            android:exported="false"
85-->src/main/AndroidManifest.xml:61:13-37
86            android:label="@string/title_activity_login" />
86-->src/main/AndroidManifest.xml:62:13-57
87        <activity
87-->src/main/AndroidManifest.xml:63:9-70:20
88            android:name="com.tencent.nanodetncnn.MainActivitywelcome"
88-->src/main/AndroidManifest.xml:64:13-48
89            android:exported="true" >
89-->src/main/AndroidManifest.xml:65:13-36
90            <intent-filter>
90-->src/main/AndroidManifest.xml:66:13-69:29
91                <action android:name="android.intent.action.MAIN" />
91-->src/main/AndroidManifest.xml:67:17-69
91-->src/main/AndroidManifest.xml:67:25-66
92
93                <category android:name="android.intent.category.LAUNCHER" />
93-->src/main/AndroidManifest.xml:68:17-77
93-->src/main/AndroidManifest.xml:68:27-74
94            </intent-filter>
95        </activity>
96        <activity
96-->src/main/AndroidManifest.xml:71:9-73:39
97            android:name="com.tencent.nanodetncnn.MainActivityreg"
97-->src/main/AndroidManifest.xml:72:13-44
98            android:exported="true" />
98-->src/main/AndroidManifest.xml:73:13-36
99        <activity
99-->src/main/AndroidManifest.xml:74:9-76:39
100            android:name="com.tencent.nanodetncnn.login.AlarmActivity"
100-->src/main/AndroidManifest.xml:75:13-48
101            android:exported="true" />
101-->src/main/AndroidManifest.xml:76:13-36
102
103        <receiver
103-->src/main/AndroidManifest.xml:78:9-84:20
104            android:name="com.tencent.nanodetncnn.login.AlarmReceiver_food"
104-->src/main/AndroidManifest.xml:79:13-53
105            android:exported="true" >
105-->src/main/AndroidManifest.xml:80:13-36
106            <intent-filter>
106-->src/main/AndroidManifest.xml:81:13-83:29
107                <action android:name="notification_cancelled" />
107-->src/main/AndroidManifest.xml:82:17-65
107-->src/main/AndroidManifest.xml:82:25-62
108            </intent-filter>
109        </receiver>
110        <receiver
110-->src/main/AndroidManifest.xml:85:9-91:20
111            android:name="com.tencent.nanodetncnn.login.AlarmReceiver_recipe_mode"
111-->src/main/AndroidManifest.xml:86:13-60
112            android:exported="true" >
112-->src/main/AndroidManifest.xml:87:13-36
113            <intent-filter>
113-->src/main/AndroidManifest.xml:81:13-83:29
114                <action android:name="notification_cancelled" />
114-->src/main/AndroidManifest.xml:82:17-65
114-->src/main/AndroidManifest.xml:82:25-62
115            </intent-filter>
116        </receiver>
117        <receiver
117-->src/main/AndroidManifest.xml:92:9-98:20
118            android:name="com.tencent.nanodetncnn.login.AlarmReceiver_recipe_fridge"
118-->src/main/AndroidManifest.xml:93:13-62
119            android:exported="true" >
119-->src/main/AndroidManifest.xml:94:13-36
120            <intent-filter>
120-->src/main/AndroidManifest.xml:81:13-83:29
121                <action android:name="notification_cancelled" />
121-->src/main/AndroidManifest.xml:82:17-65
121-->src/main/AndroidManifest.xml:82:25-62
122            </intent-filter>
123        </receiver>
124
125        <activity
125-->src/main/AndroidManifest.xml:100:9-102:39
126            android:name="com.tencent.nanodetncnn.Alert_History_Activity"
126-->src/main/AndroidManifest.xml:101:13-51
127            android:exported="true" />
127-->src/main/AndroidManifest.xml:102:13-36
128        <activity
128-->src/main/AndroidManifest.xml:103:9-105:39
129            android:name="com.tencent.nanodetncnn.ToDoListActivity"
129-->src/main/AndroidManifest.xml:104:13-45
130            android:exported="true" />
130-->src/main/AndroidManifest.xml:105:13-36
131
132        <provider
132-->[androidx.work:work-runtime:2.7.0-alpha05] AndroidManifest.xml:31:9-39:20
133            android:name="androidx.startup.InitializationProvider"
133-->[androidx.work:work-runtime:2.7.0-alpha05] AndroidManifest.xml:32:13-67
134            android:authorities="com.tencent.nanodetncnn_tempmerge.androidx-startup"
134-->[androidx.work:work-runtime:2.7.0-alpha05] AndroidManifest.xml:33:13-68
135            android:exported="false" >
135-->[androidx.work:work-runtime:2.7.0-alpha05] AndroidManifest.xml:34:13-37
136            <meta-data
136-->[androidx.work:work-runtime:2.7.0-alpha05] AndroidManifest.xml:36:13-38:52
137                android:name="androidx.work.WorkManagerInitializer"
137-->[androidx.work:work-runtime:2.7.0-alpha05] AndroidManifest.xml:37:17-68
138                android:value="androidx.startup" />
138-->[androidx.work:work-runtime:2.7.0-alpha05] AndroidManifest.xml:38:17-49
139            <meta-data
139-->[androidx.emoji2:emoji2:1.2.0] AndroidManifest.xml:29:13-31:52
140                android:name="androidx.emoji2.text.EmojiCompatInitializer"
140-->[androidx.emoji2:emoji2:1.2.0] AndroidManifest.xml:30:17-75
141                android:value="androidx.startup" />
141-->[androidx.emoji2:emoji2:1.2.0] AndroidManifest.xml:31:17-49
142            <meta-data
142-->[androidx.lifecycle:lifecycle-process:2.4.1] AndroidManifest.xml:31:13-33:52
143                android:name="androidx.lifecycle.ProcessLifecycleInitializer"
143-->[androidx.lifecycle:lifecycle-process:2.4.1] AndroidManifest.xml:32:17-78
144                android:value="androidx.startup" />
144-->[androidx.lifecycle:lifecycle-process:2.4.1] AndroidManifest.xml:33:17-49
145        </provider>
146
147        <service
147-->[androidx.work:work-runtime:2.7.0-alpha05] AndroidManifest.xml:41:9-46:35
148            android:name="androidx.work.impl.background.systemalarm.SystemAlarmService"
148-->[androidx.work:work-runtime:2.7.0-alpha05] AndroidManifest.xml:42:13-88
149            android:directBootAware="false"
149-->[androidx.work:work-runtime:2.7.0-alpha05] AndroidManifest.xml:43:13-44
150            android:enabled="@bool/enable_system_alarm_service_default"
150-->[androidx.work:work-runtime:2.7.0-alpha05] AndroidManifest.xml:44:13-72
151            android:exported="false" />
151-->[androidx.work:work-runtime:2.7.0-alpha05] AndroidManifest.xml:45:13-37
152        <service
152-->[androidx.work:work-runtime:2.7.0-alpha05] AndroidManifest.xml:47:9-53:35
153            android:name="androidx.work.impl.background.systemjob.SystemJobService"
153-->[androidx.work:work-runtime:2.7.0-alpha05] AndroidManifest.xml:48:13-84
154            android:directBootAware="false"
154-->[androidx.work:work-runtime:2.7.0-alpha05] AndroidManifest.xml:49:13-44
155            android:enabled="@bool/enable_system_job_service_default"
155-->[androidx.work:work-runtime:2.7.0-alpha05] AndroidManifest.xml:50:13-70
156            android:exported="true"
156-->[androidx.work:work-runtime:2.7.0-alpha05] AndroidManifest.xml:51:13-36
157            android:permission="android.permission.BIND_JOB_SERVICE" />
157-->[androidx.work:work-runtime:2.7.0-alpha05] AndroidManifest.xml:52:13-69
158        <service
158-->[androidx.work:work-runtime:2.7.0-alpha05] AndroidManifest.xml:54:9-59:35
159            android:name="androidx.work.impl.foreground.SystemForegroundService"
159-->[androidx.work:work-runtime:2.7.0-alpha05] AndroidManifest.xml:55:13-81
160            android:directBootAware="false"
160-->[androidx.work:work-runtime:2.7.0-alpha05] AndroidManifest.xml:56:13-44
161            android:enabled="@bool/enable_system_foreground_service_default"
161-->[androidx.work:work-runtime:2.7.0-alpha05] AndroidManifest.xml:57:13-77
162            android:exported="false" />
162-->[androidx.work:work-runtime:2.7.0-alpha05] AndroidManifest.xml:58:13-37
163
164        <receiver
164-->[androidx.work:work-runtime:2.7.0-alpha05] AndroidManifest.xml:61:9-66:35
165            android:name="androidx.work.impl.utils.ForceStopRunnable$BroadcastReceiver"
165-->[androidx.work:work-runtime:2.7.0-alpha05] AndroidManifest.xml:62:13-88
166            android:directBootAware="false"
166-->[androidx.work:work-runtime:2.7.0-alpha05] AndroidManifest.xml:63:13-44
167            android:enabled="true"
167-->[androidx.work:work-runtime:2.7.0-alpha05] AndroidManifest.xml:64:13-35
168            android:exported="false" />
168-->[androidx.work:work-runtime:2.7.0-alpha05] AndroidManifest.xml:65:13-37
169        <receiver
169-->[androidx.work:work-runtime:2.7.0-alpha05] AndroidManifest.xml:67:9-77:20
170            android:name="androidx.work.impl.background.systemalarm.ConstraintProxy$BatteryChargingProxy"
170-->[androidx.work:work-runtime:2.7.0-alpha05] AndroidManifest.xml:68:13-106
171            android:directBootAware="false"
171-->[androidx.work:work-runtime:2.7.0-alpha05] AndroidManifest.xml:69:13-44
172            android:enabled="false"
172-->[androidx.work:work-runtime:2.7.0-alpha05] AndroidManifest.xml:70:13-36
173            android:exported="false" >
173-->[androidx.work:work-runtime:2.7.0-alpha05] AndroidManifest.xml:71:13-37
174            <intent-filter>
174-->[androidx.work:work-runtime:2.7.0-alpha05] AndroidManifest.xml:73:13-76:29
175                <action android:name="android.intent.action.ACTION_POWER_CONNECTED" />
175-->[androidx.work:work-runtime:2.7.0-alpha05] AndroidManifest.xml:74:17-87
175-->[androidx.work:work-runtime:2.7.0-alpha05] AndroidManifest.xml:74:25-84
176                <action android:name="android.intent.action.ACTION_POWER_DISCONNECTED" />
176-->[androidx.work:work-runtime:2.7.0-alpha05] AndroidManifest.xml:75:17-90
176-->[androidx.work:work-runtime:2.7.0-alpha05] AndroidManifest.xml:75:25-87
177            </intent-filter>
178        </receiver>
179        <receiver
179-->[androidx.work:work-runtime:2.7.0-alpha05] AndroidManifest.xml:78:9-88:20
180            android:name="androidx.work.impl.background.systemalarm.ConstraintProxy$BatteryNotLowProxy"
180-->[androidx.work:work-runtime:2.7.0-alpha05] AndroidManifest.xml:79:13-104
181            android:directBootAware="false"
181-->[androidx.work:work-runtime:2.7.0-alpha05] AndroidManifest.xml:80:13-44
182            android:enabled="false"
182-->[androidx.work:work-runtime:2.7.0-alpha05] AndroidManifest.xml:81:13-36
183            android:exported="false" >
183-->[androidx.work:work-runtime:2.7.0-alpha05] AndroidManifest.xml:82:13-37
184            <intent-filter>
184-->[androidx.work:work-runtime:2.7.0-alpha05] AndroidManifest.xml:84:13-87:29
185                <action android:name="android.intent.action.BATTERY_OKAY" />
185-->[androidx.work:work-runtime:2.7.0-alpha05] AndroidManifest.xml:85:17-77
185-->[androidx.work:work-runtime:2.7.0-alpha05] AndroidManifest.xml:85:25-74
186                <action android:name="android.intent.action.BATTERY_LOW" />
186-->[androidx.work:work-runtime:2.7.0-alpha05] AndroidManifest.xml:86:17-76
186-->[androidx.work:work-runtime:2.7.0-alpha05] AndroidManifest.xml:86:25-73
187            </intent-filter>
188        </receiver>
189        <receiver
189-->[androidx.work:work-runtime:2.7.0-alpha05] AndroidManifest.xml:89:9-99:20
190            android:name="androidx.work.impl.background.systemalarm.ConstraintProxy$StorageNotLowProxy"
190-->[androidx.work:work-runtime:2.7.0-alpha05] AndroidManifest.xml:90:13-104
191            android:directBootAware="false"
191-->[androidx.work:work-runtime:2.7.0-alpha05] AndroidManifest.xml:91:13-44
192            android:enabled="false"
192-->[androidx.work:work-runtime:2.7.0-alpha05] AndroidManifest.xml:92:13-36
193            android:exported="false" >
193-->[androidx.work:work-runtime:2.7.0-alpha05] AndroidManifest.xml:93:13-37
194            <intent-filter>
194-->[androidx.work:work-runtime:2.7.0-alpha05] AndroidManifest.xml:95:13-98:29
195                <action android:name="android.intent.action.DEVICE_STORAGE_LOW" />
195-->[androidx.work:work-runtime:2.7.0-alpha05] AndroidManifest.xml:96:17-83
195-->[androidx.work:work-runtime:2.7.0-alpha05] AndroidManifest.xml:96:25-80
196                <action android:name="android.intent.action.DEVICE_STORAGE_OK" />
196-->[androidx.work:work-runtime:2.7.0-alpha05] AndroidManifest.xml:97:17-82
196-->[androidx.work:work-runtime:2.7.0-alpha05] AndroidManifest.xml:97:25-79
197            </intent-filter>
198        </receiver>
199        <receiver
199-->[androidx.work:work-runtime:2.7.0-alpha05] AndroidManifest.xml:100:9-109:20
200            android:name="androidx.work.impl.background.systemalarm.ConstraintProxy$NetworkStateProxy"
200-->[androidx.work:work-runtime:2.7.0-alpha05] AndroidManifest.xml:101:13-103
201            android:directBootAware="false"
201-->[androidx.work:work-runtime:2.7.0-alpha05] AndroidManifest.xml:102:13-44
202            android:enabled="false"
202-->[androidx.work:work-runtime:2.7.0-alpha05] AndroidManifest.xml:103:13-36
203            android:exported="false" >
203-->[androidx.work:work-runtime:2.7.0-alpha05] AndroidManifest.xml:104:13-37
204            <intent-filter>
204-->[androidx.work:work-runtime:2.7.0-alpha05] AndroidManifest.xml:106:13-108:29
205                <action android:name="android.net.conn.CONNECTIVITY_CHANGE" />
205-->[androidx.work:work-runtime:2.7.0-alpha05] AndroidManifest.xml:107:17-79
205-->[androidx.work:work-runtime:2.7.0-alpha05] AndroidManifest.xml:107:25-76
206            </intent-filter>
207        </receiver>
208        <receiver
208-->[androidx.work:work-runtime:2.7.0-alpha05] AndroidManifest.xml:110:9-121:20
209            android:name="androidx.work.impl.background.systemalarm.RescheduleReceiver"
209-->[androidx.work:work-runtime:2.7.0-alpha05] AndroidManifest.xml:111:13-88
210            android:directBootAware="false"
210-->[androidx.work:work-runtime:2.7.0-alpha05] AndroidManifest.xml:112:13-44
211            android:enabled="false"
211-->[androidx.work:work-runtime:2.7.0-alpha05] AndroidManifest.xml:113:13-36
212            android:exported="false" >
212-->[androidx.work:work-runtime:2.7.0-alpha05] AndroidManifest.xml:114:13-37
213            <intent-filter>
213-->[androidx.work:work-runtime:2.7.0-alpha05] AndroidManifest.xml:116:13-120:29
214                <action android:name="android.intent.action.BOOT_COMPLETED" />
214-->[androidx.work:work-runtime:2.7.0-alpha05] AndroidManifest.xml:117:17-79
214-->[androidx.work:work-runtime:2.7.0-alpha05] AndroidManifest.xml:117:25-76
215                <action android:name="android.intent.action.TIME_SET" />
215-->[androidx.work:work-runtime:2.7.0-alpha05] AndroidManifest.xml:118:17-73
215-->[androidx.work:work-runtime:2.7.0-alpha05] AndroidManifest.xml:118:25-70
216                <action android:name="android.intent.action.TIMEZONE_CHANGED" />
216-->[androidx.work:work-runtime:2.7.0-alpha05] AndroidManifest.xml:119:17-81
216-->[androidx.work:work-runtime:2.7.0-alpha05] AndroidManifest.xml:119:25-78
217            </intent-filter>
218        </receiver>
219        <receiver
219-->[androidx.work:work-runtime:2.7.0-alpha05] AndroidManifest.xml:122:9-131:20
220            android:name="androidx.work.impl.background.systemalarm.ConstraintProxyUpdateReceiver"
220-->[androidx.work:work-runtime:2.7.0-alpha05] AndroidManifest.xml:123:13-99
221            android:directBootAware="false"
221-->[androidx.work:work-runtime:2.7.0-alpha05] AndroidManifest.xml:124:13-44
222            android:enabled="@bool/enable_system_alarm_service_default"
222-->[androidx.work:work-runtime:2.7.0-alpha05] AndroidManifest.xml:125:13-72
223            android:exported="false" >
223-->[androidx.work:work-runtime:2.7.0-alpha05] AndroidManifest.xml:126:13-37
224            <intent-filter>
224-->[androidx.work:work-runtime:2.7.0-alpha05] AndroidManifest.xml:128:13-130:29
225                <action android:name="androidx.work.impl.background.systemalarm.UpdateProxies" />
225-->[androidx.work:work-runtime:2.7.0-alpha05] AndroidManifest.xml:129:17-98
225-->[androidx.work:work-runtime:2.7.0-alpha05] AndroidManifest.xml:129:25-95
226            </intent-filter>
227        </receiver>
228        <receiver
228-->[androidx.work:work-runtime:2.7.0-alpha05] AndroidManifest.xml:132:9-142:20
229            android:name="androidx.work.impl.diagnostics.DiagnosticsReceiver"
229-->[androidx.work:work-runtime:2.7.0-alpha05] AndroidManifest.xml:133:13-78
230            android:directBootAware="false"
230-->[androidx.work:work-runtime:2.7.0-alpha05] AndroidManifest.xml:134:13-44
231            android:enabled="true"
231-->[androidx.work:work-runtime:2.7.0-alpha05] AndroidManifest.xml:135:13-35
232            android:exported="true"
232-->[androidx.work:work-runtime:2.7.0-alpha05] AndroidManifest.xml:136:13-36
233            android:permission="android.permission.DUMP" >
233-->[androidx.work:work-runtime:2.7.0-alpha05] AndroidManifest.xml:137:13-57
234            <intent-filter>
234-->[androidx.work:work-runtime:2.7.0-alpha05] AndroidManifest.xml:139:13-141:29
235                <action android:name="androidx.work.diagnostics.REQUEST_DIAGNOSTICS" />
235-->[androidx.work:work-runtime:2.7.0-alpha05] AndroidManifest.xml:140:17-88
235-->[androidx.work:work-runtime:2.7.0-alpha05] AndroidManifest.xml:140:25-85
236            </intent-filter>
237        </receiver>
238
239        <service
239-->[androidx.room:room-runtime:2.2.5] AndroidManifest.xml:25:9-28:40
240            android:name="androidx.room.MultiInstanceInvalidationService"
240-->[androidx.room:room-runtime:2.2.5] AndroidManifest.xml:26:13-74
241            android:directBootAware="true"
241-->[androidx.room:room-runtime:2.2.5] AndroidManifest.xml:27:13-43
242            android:exported="false" />
242-->[androidx.room:room-runtime:2.2.5] AndroidManifest.xml:28:13-37
243
244        <uses-library
244-->[androidx.window:window:1.0.0] AndroidManifest.xml:25:9-27:40
245            android:name="androidx.window.extensions"
245-->[androidx.window:window:1.0.0] AndroidManifest.xml:26:13-54
246            android:required="false" />
246-->[androidx.window:window:1.0.0] AndroidManifest.xml:27:13-37
247        <uses-library
247-->[androidx.window:window:1.0.0] AndroidManifest.xml:28:9-30:40
248            android:name="androidx.window.sidecar"
248-->[androidx.window:window:1.0.0] AndroidManifest.xml:29:13-51
249            android:required="false" />
249-->[androidx.window:window:1.0.0] AndroidManifest.xml:30:13-37
250
251        <activity
251-->[com.journeyapps:zxing-android-embedded:4.3.0] AndroidManifest.xml:47:9-53:63
252            android:name="com.journeyapps.barcodescanner.CaptureActivity"
252-->[com.journeyapps:zxing-android-embedded:4.3.0] AndroidManifest.xml:48:13-74
253            android:clearTaskOnLaunch="true"
253-->[com.journeyapps:zxing-android-embedded:4.3.0] AndroidManifest.xml:49:13-45
254            android:screenOrientation="sensorLandscape"
254-->[com.journeyapps:zxing-android-embedded:4.3.0] AndroidManifest.xml:50:13-56
255            android:stateNotNeeded="true"
255-->[com.journeyapps:zxing-android-embedded:4.3.0] AndroidManifest.xml:51:13-42
256            android:theme="@style/zxing_CaptureTheme"
256-->[com.journeyapps:zxing-android-embedded:4.3.0] AndroidManifest.xml:52:13-54
257            android:windowSoftInputMode="stateAlwaysHidden" />
257-->[com.journeyapps:zxing-android-embedded:4.3.0] AndroidManifest.xml:53:13-60
258    </application>
259
260</manifest>